2025-11-14 09:09:57,214 [INFO] Activator:176 - 


2025-11-14 09:09:57,222 [INFO] Activator:177 - !SESSION log4j initialized
2025-11-14 09:10:07,795 [INFO] LogOutputStream:77 - [STDOUT_REDIRECT] 
2025-11-14 09:10:09,721 [INFO] ApplicationProperties:184 - Using Application install path: F:\Knowledge_Update\STM32CubeIDE_1.19.0\STM32CubeIDE\plugins\com.st.stm32cube.common.mx_6.15.0.202507011659
2025-11-14 09:10:09,751 [INFO] DbMcusXml:78 - Set database path to: F:\Knowledge_Update\STM32CubeIDE_1.19.0\STM32CubeIDE\plugins\com.st.stm32cube.common.mx_6.15.0.202507011659\\db\/mcu/
2025-11-14 09:10:09,751 [INFO] ApiDb:274 - Set plugin database path to: F:\Knowledge_Update\STM32CubeIDE_1.19.0\STM32CubeIDE\plugins\com.st.stm32cube.common.mx_6.15.0.202507011659\\db\/plugins/boardmanager/
2025-11-14 09:10:09,752 [WARN] ApiDb:259 - Overriding images path with different value:  => F:\Knowledge_Update\STM32CubeIDE_1.19.0\STM32CubeIDE\plugins\com.st.stm32cube.common.mx_6.15.0.202507011659\\db\/plugins/mcufinder/images/
2025-11-14 09:10:09,760 [INFO] ApiDb:250 - Set database path to: C:\Users\hp\.stmcufinder\plugins\mcufinder//mcu/
2025-11-14 09:10:09,762 [INFO] DbMcusAds:125 - Set database path to: C:\Users\hp\.stmcufinder\plugins\mcufinder//mcu/
2025-11-14 09:10:09,765 [INFO] CrossReferenceDbSqlite:203 - Set database path to: C:\Users\hp\.stmcufinder\plugins\mcufinder//mcu/cs/
2025-11-14 09:10:09,973 [INFO] RulesReader:64 - Compatibility file has been processed (317 Rules)
2025-11-14 09:10:10,147 [INFO] DbMcusXml:78 - Set database path to: F:\Knowledge_Update\STM32CubeIDE_1.19.0\STM32CubeIDE\plugins\com.st.stm32cube.common.mx_6.15.0.202507011659\\db\/mcu/
2025-11-14 09:10:10,147 [INFO] ApiDb:274 - Set plugin database path to: F:\Knowledge_Update\STM32CubeIDE_1.19.0\STM32CubeIDE\plugins\com.st.stm32cube.common.mx_6.15.0.202507011659\\db\/plugins/boardmanager/
2025-11-14 09:10:10,148 [INFO] ApiDb:261 - Set plugin images path to: F:\Knowledge_Update\STM32CubeIDE_1.19.0\STM32CubeIDE\plugins\com.st.stm32cube.common.mx_6.15.0.202507011659\\db\/plugins/mcufinder/images/
2025-11-14 09:10:10,148 [WARN] DbFile:41 - Overriding database path with different value: C:\Users\hp\.stmcufinder\plugins\mcufinder/ => C:\Users\hp\.stmcufinder\plugins\mcufinder
2025-11-14 09:10:10,149 [INFO] ApiDb:250 - Set database path to: C:\Users\hp\.stmcufinder\plugins\mcufinder//mcu/
2025-11-14 09:10:10,149 [WARN] DbFile:41 - Overriding database path with different value: C:\Users\hp\.stmcufinder\plugins\mcufinder/ => C:\Users\hp\.stmcufinder\plugins\mcufinder
2025-11-14 09:10:10,149 [INFO] DbMcusAds:125 - Set database path to: C:\Users\hp\.stmcufinder\plugins\mcufinder//mcu/
2025-11-14 09:10:10,149 [WARN] DbFile:41 - Overriding database path with different value: C:\Users\hp\.stmcufinder\plugins\mcufinder/ => C:\Users\hp\.stmcufinder\plugins\mcufinder
2025-11-14 09:10:10,150 [WARN] DbFile:41 - Overriding database path with different value: C:\Users\hp\.stmcufinder\plugins\mcufinder/ => C:\Users\hp\.stmcufinder\plugins\mcufinder
2025-11-14 09:10:10,150 [INFO] CrossReferenceDbSqlite:203 - Set database path to: C:\Users\hp\.stmcufinder\plugins\mcufinder//mcu/cs/
2025-11-14 09:10:10,366 [INFO] MainPanel:274 - HeapMemory: 268435456
2025-11-14 09:10:10,686 [INFO] DbMcusXml:78 - Set database path to: F:\Knowledge_Update\STM32CubeIDE_1.19.0\STM32CubeIDE\plugins\com.st.stm32cube.common.mx_6.15.0.202507011659\\db\/mcu/
2025-11-14 09:10:10,686 [INFO] ApiDb:274 - Set plugin database path to: F:\Knowledge_Update\STM32CubeIDE_1.19.0\STM32CubeIDE\plugins\com.st.stm32cube.common.mx_6.15.0.202507011659\\db\/plugins/boardmanager/
2025-11-14 09:10:10,686 [INFO] ApiDb:261 - Set plugin images path to: F:\Knowledge_Update\STM32CubeIDE_1.19.0\STM32CubeIDE\plugins\com.st.stm32cube.common.mx_6.15.0.202507011659\\db\/plugins/mcufinder/images/
2025-11-14 09:10:10,688 [WARN] DbFile:41 - Overriding database path with different value: C:\Users\hp\.stmcufinder\plugins\mcufinder/ => C:\Users\hp\.stmcufinder\plugins\mcufinder
2025-11-14 09:10:10,688 [INFO] ApiDb:250 - Set database path to: C:\Users\hp\.stmcufinder\plugins\mcufinder//mcu/
2025-11-14 09:10:10,688 [WARN] DbFile:41 - Overriding database path with different value: C:\Users\hp\.stmcufinder\plugins\mcufinder/ => C:\Users\hp\.stmcufinder\plugins\mcufinder
2025-11-14 09:10:10,688 [INFO] DbMcusAds:125 - Set database path to: C:\Users\hp\.stmcufinder\plugins\mcufinder//mcu/
2025-11-14 09:10:10,689 [WARN] DbFile:41 - Overriding database path with different value: C:\Users\hp\.stmcufinder\plugins\mcufinder/ => C:\Users\hp\.stmcufinder\plugins\mcufinder
2025-11-14 09:10:10,689 [WARN] DbFile:41 - Overriding database path with different value: C:\Users\hp\.stmcufinder\plugins\mcufinder/ => C:\Users\hp\.stmcufinder\plugins\mcufinder
2025-11-14 09:10:10,690 [INFO] CrossReferenceDbSqlite:203 - Set database path to: C:\Users\hp\.stmcufinder\plugins\mcufinder//mcu/cs/
2025-11-14 09:10:10,730 [INFO] ApplicationProperties:184 - Using Application install path: F:\Knowledge_Update\STM32CubeIDE_1.19.0\STM32CubeIDE\plugins\com.st.stm32cube.common.mx_6.15.0.202507011659
2025-11-14 09:10:10,731 [INFO] PluginManage:196 - Search for loadable plugins [exclusion list=, ]
2025-11-14 09:10:10,733 [INFO] PluginManage:310 - Check plugin analytics
2025-11-14 09:10:11,150 [INFO] AnalyticsPlugin:253 - Accepted Software Licenses: STM32CubeMX.6.15.0
2025-11-14 09:10:11,150 [INFO] AnalyticsPlugin:255 - Accepted CMSIS Pack Licenses: 
2025-11-14 09:10:11,151 [INFO] AnalyticsPlugin:257 - Accepted Firmware Licenses: FW.F4.1.28.0
2025-11-14 09:10:11,155 [INFO] PluginManage:359 - Loaded plugin analytics (category:tool,tabindex:-1)
2025-11-14 09:10:11,155 [INFO] PluginManage:310 - Check plugin cadmodel
2025-11-14 09:10:11,168 [INFO] CADModel:105 - Init CAD model plugin
2025-11-14 09:10:11,168 [INFO] PluginManage:359 - Loaded plugin cadmodel (category:power,tabindex:5)
2025-11-14 09:10:11,169 [INFO] PluginManage:310 - Check plugin clock
2025-11-14 09:10:11,274 [INFO] PluginManage:359 - Loaded plugin clock (category:base,tabindex:2)
2025-11-14 09:10:11,275 [INFO] PluginManage:310 - Check plugin ddr
2025-11-14 09:10:11,319 [INFO] PluginManage:359 - Loaded plugin ddr (category:tool,tabindex:6)
2025-11-14 09:10:11,319 [INFO] PluginManage:310 - Check plugin filemanager
2025-11-14 09:10:11,618 [INFO] PluginManage:359 - Loaded plugin filemanager (category:base,tabindex:10)
2025-11-14 09:10:11,618 [INFO] PluginManage:310 - Check plugin ipmanager
2025-11-14 09:10:11,638 [INFO] PluginManage:359 - Loaded plugin ipmanager (category:base,tabindex:5)
2025-11-14 09:10:11,638 [INFO] PluginManage:310 - Check plugin lpbam
2025-11-14 09:10:11,705 [INFO] PluginManage:359 - Loaded plugin lpbam (category:base,tabindex:0)
2025-11-14 09:10:11,705 [INFO] PluginManage:310 - Check plugin memorymap
2025-11-14 09:10:11,766 [INFO] PluginManage:359 - Loaded plugin memorymap (category:base,tabindex:4)
2025-11-14 09:10:11,766 [INFO] PluginManage:310 - Check plugin pinoutandconfiguration
2025-11-14 09:10:11,784 [INFO] PluginManage:359 - Loaded plugin pinoutandconfiguration (category:base,tabindex:1)
2025-11-14 09:10:11,784 [INFO] PluginManage:310 - Check plugin pinoutconfig
2025-11-14 09:10:11,974 [WARN] SupportedApi:132 - Cannot load RTOS API schema: s4s-elt-must-match.1: The content of 'definitions' must match (annotation?, (simpleType | complexType)?, (unique | key | keyref)*)). A problem was found starting at: attribute.
2025-11-14 09:10:12,159 [INFO] PluginManage:359 - Loaded plugin pinoutconfig (category:base,tabindex:0)
2025-11-14 09:10:12,160 [INFO] PluginManage:310 - Check plugin power
2025-11-14 09:10:12,181 [INFO] PluginManage:359 - Loaded plugin power (category:power,tabindex:4)
2025-11-14 09:10:12,181 [INFO] PluginManage:310 - Check plugin projectmanager
2025-11-14 09:10:12,210 [INFO] PluginManage:359 - Loaded plugin projectmanager (category:projectmanager,tabindex:4)
2025-11-14 09:10:12,210 [INFO] PluginManage:310 - Check plugin rif
2025-11-14 09:10:12,347 [INFO] PluginManage:359 - Loaded plugin rif (category:base,tabindex:3)
2025-11-14 09:10:12,347 [INFO] PluginManage:310 - Check plugin thirdparty
2025-11-14 09:10:12,561 [WARN] IntegrityCheckThread:84 - waiting for thirdparty lock release [integrity check]
2025-11-14 09:10:12,561 [INFO] PluginManage:359 - Loaded plugin thirdparty (category:base,tabindex:-1)
2025-11-14 09:10:12,561 [INFO] IntegrityCheckThread:86 - entering critical section [integrity check]
2025-11-14 09:10:12,562 [INFO] PluginManage:310 - Check plugin tools
2025-11-14 09:10:12,562 [INFO] ThirdPartyUpdaterWithRetryManager:70 - Updater plugin not ready yet. [1/15]
2025-11-14 09:10:12,567 [INFO] PluginManage:359 - Loaded plugin tools (category:base,tabindex:7)
2025-11-14 09:10:12,567 [INFO] PluginManage:310 - Check plugin tutovideos
2025-11-14 09:10:12,925 [INFO] PluginManage:359 - Loaded plugin tutovideos (category:base,tabindex:-1)
2025-11-14 09:10:12,925 [INFO] PluginManage:310 - Check plugin updater
2025-11-14 09:10:12,956 [INFO] PluginManage:359 - Loaded plugin updater (category:base,tabindex:12)
2025-11-14 09:10:12,956 [INFO] PluginManage:310 - Check plugin userauth
2025-11-14 09:10:12,960 [INFO] UserAuth:118 - Init User Auth plugin
2025-11-14 09:10:12,962 [INFO] PluginManage:359 - Loaded plugin userauth (category:base,tabindex:14)
2025-11-14 09:10:12,962 [INFO] PluginManage:283 - PluginManage : Loaded plugins [18]
2025-11-14 09:10:13,257 [INFO] PinOutPanel:1589 - setPackage(No Configuration,No Configuration)
2025-11-14 09:10:13,397 [INFO] CADModel:165 - CPN selected for project level
2025-11-14 09:10:13,398 [INFO] CADModel:114 - Register for checkConnection events
2025-11-14 09:10:13,435 [INFO] IPUIPlugin:80 - create IPUIPlugin
2025-11-14 09:10:13,435 [INFO] PluginManager:220 - loadIPPluginJar : add adc
2025-11-14 09:10:13,442 [INFO] IPUIPlugin:80 - create IPUIPlugin
2025-11-14 09:10:13,442 [INFO] PluginManager:220 - loadIPPluginJar : add aes
2025-11-14 09:10:13,449 [INFO] IPUIPlugin:80 - create IPUIPlugin
2025-11-14 09:10:13,449 [INFO] PluginManager:220 - loadIPPluginJar : add can
2025-11-14 09:10:13,454 [INFO] IPUIPlugin:80 - create IPUIPlugin
2025-11-14 09:10:13,454 [INFO] PluginManager:220 - loadIPPluginJar : add comp
2025-11-14 09:10:13,458 [INFO] IPUIPlugin:80 - create IPUIPlugin
2025-11-14 09:10:13,458 [INFO] PluginManager:220 - loadIPPluginJar : add cryp
2025-11-14 09:10:13,465 [INFO] IPUIPlugin:80 - create IPUIPlugin
2025-11-14 09:10:13,465 [INFO] PluginManager:220 - loadIPPluginJar : add ddr_ctrl_phy
2025-11-14 09:10:13,470 [INFO] IPUIPlugin:80 - create IPUIPlugin
2025-11-14 09:10:13,470 [INFO] PluginManager:220 - loadIPPluginJar : add dfsdm
2025-11-14 09:10:13,486 [INFO] IPUIPlugin:80 - create IPUIPlugin
2025-11-14 09:10:13,486 [INFO] PluginManager:220 - loadIPPluginJar : add dma
2025-11-14 09:10:13,492 [INFO] IPUIPlugin:80 - create IPUIPlugin
2025-11-14 09:10:13,492 [INFO] PluginManager:220 - loadIPPluginJar : add dma3
2025-11-14 09:10:13,499 [INFO] IPUIPlugin:80 - create IPUIPlugin
2025-11-14 09:10:13,499 [INFO] PluginManager:220 - loadIPPluginJar : add extmemmanager
2025-11-14 09:10:13,505 [INFO] IPUIPlugin:80 - create IPUIPlugin
2025-11-14 09:10:13,506 [INFO] PluginManager:220 - loadIPPluginJar : add fatfs
2025-11-14 09:10:13,516 [INFO] IPUIPlugin:80 - create IPUIPlugin
2025-11-14 09:10:13,516 [INFO] PluginManager:220 - loadIPPluginJar : add fmc
2025-11-14 09:10:13,583 [INFO] IPUIPlugin:80 - create IPUIPlugin
2025-11-14 09:10:13,583 [INFO] PluginManager:220 - loadIPPluginJar : add freertos
2025-11-14 09:10:13,588 [INFO] IPUIPlugin:80 - create IPUIPlugin
2025-11-14 09:10:13,588 [INFO] PluginManager:220 - loadIPPluginJar : add genericplugin
2025-11-14 09:10:13,596 [INFO] IPUIPlugin:80 - create IPUIPlugin
2025-11-14 09:10:13,596 [INFO] PluginManager:220 - loadIPPluginJar : add gfxmmu
2025-11-14 09:10:13,610 [INFO] IPUIPlugin:80 - create IPUIPlugin
2025-11-14 09:10:13,610 [INFO] PluginManager:220 - loadIPPluginJar : add gic
2025-11-14 09:10:13,631 [INFO] IPUIPlugin:80 - create IPUIPlugin
2025-11-14 09:10:13,632 [INFO] PluginManager:220 - loadIPPluginJar : add gpio
2025-11-14 09:10:13,642 [INFO] IPUIPlugin:80 - create IPUIPlugin
2025-11-14 09:10:13,642 [INFO] PluginManager:220 - loadIPPluginJar : add gtzc
2025-11-14 09:10:13,648 [INFO] IPUIPlugin:80 - create IPUIPlugin
2025-11-14 09:10:13,648 [INFO] PluginManager:220 - loadIPPluginJar : add hash
2025-11-14 09:10:13,654 [INFO] IPUIPlugin:80 - create IPUIPlugin
2025-11-14 09:10:13,655 [INFO] PluginManager:220 - loadIPPluginJar : add i2c
2025-11-14 09:10:13,661 [INFO] IPUIPlugin:80 - create IPUIPlugin
2025-11-14 09:10:13,661 [INFO] PluginManager:220 - loadIPPluginJar : add i2s
2025-11-14 09:10:13,669 [INFO] IPUIPlugin:80 - create IPUIPlugin
2025-11-14 09:10:13,669 [INFO] PluginManager:220 - loadIPPluginJar : add i3c
2025-11-14 09:10:13,682 [INFO] IPUIPlugin:80 - create IPUIPlugin
2025-11-14 09:10:13,682 [INFO] PluginManager:220 - loadIPPluginJar : add ipddr
2025-11-14 09:10:13,696 [INFO] IPUIPlugin:80 - create IPUIPlugin
2025-11-14 09:10:13,696 [INFO] PluginManager:220 - loadIPPluginJar : add linkedlist
2025-11-14 09:10:13,702 [INFO] IPUIPlugin:80 - create IPUIPlugin
2025-11-14 09:10:13,702 [INFO] PluginManager:220 - loadIPPluginJar : add lorawan
2025-11-14 09:10:13,707 [INFO] IPUIPlugin:80 - create IPUIPlugin
2025-11-14 09:10:13,708 [INFO] PluginManager:220 - loadIPPluginJar : add ltdc
2025-11-14 09:10:13,731 [INFO] IPUIPlugin:80 - create IPUIPlugin
2025-11-14 09:10:13,731 [INFO] PluginManager:220 - loadIPPluginJar : add mdma
2025-11-14 09:10:13,756 [INFO] IPUIPlugin:80 - create IPUIPlugin
2025-11-14 09:10:13,757 [INFO] PluginManager:220 - loadIPPluginJar : add nvic
2025-11-14 09:10:13,764 [INFO] IPUIPlugin:80 - create IPUIPlugin
2025-11-14 09:10:13,764 [INFO] PluginManager:220 - loadIPPluginJar : add opamp
2025-11-14 09:10:13,773 [INFO] IPUIPlugin:80 - create IPUIPlugin
2025-11-14 09:10:13,773 [INFO] PluginManager:220 - loadIPPluginJar : add openamp
2025-11-14 09:10:13,780 [INFO] IPUIPlugin:80 - create IPUIPlugin
2025-11-14 09:10:13,780 [INFO] PluginManager:220 - loadIPPluginJar : add pdm2pcm
2025-11-14 09:10:13,800 [INFO] IPUIPlugin:80 - create IPUIPlugin
2025-11-14 09:10:13,804 [INFO] PluginManager:220 - loadIPPluginJar : add plateformsettings
2025-11-14 09:10:13,808 [INFO] IPUIPlugin:80 - create IPUIPlugin
2025-11-14 09:10:13,808 [INFO] PluginManager:220 - loadIPPluginJar : add quadspi
2025-11-14 09:10:13,812 [INFO] IPUIPlugin:80 - create IPUIPlugin
2025-11-14 09:10:13,813 [INFO] PluginManager:220 - loadIPPluginJar : add radio
2025-11-14 09:10:13,878 [INFO] IPUIPlugin:80 - create IPUIPlugin
2025-11-14 09:10:13,878 [INFO] PluginManager:220 - loadIPPluginJar : add resmgrutility
2025-11-14 09:10:13,890 [INFO] IPUIPlugin:80 - create IPUIPlugin
2025-11-14 09:10:13,890 [INFO] PluginManager:220 - loadIPPluginJar : add sai
2025-11-14 09:10:13,899 [INFO] IPUIPlugin:80 - create IPUIPlugin
2025-11-14 09:10:13,900 [INFO] PluginManager:220 - loadIPPluginJar : add spi
2025-11-14 09:10:13,919 [INFO] IPUIPlugin:80 - create IPUIPlugin
2025-11-14 09:10:13,919 [INFO] PluginManager:220 - loadIPPluginJar : add stm32_wpan
2025-11-14 09:10:13,924 [INFO] IPUIPlugin:80 - create IPUIPlugin
2025-11-14 09:10:13,925 [INFO] PluginManager:220 - loadIPPluginJar : add tim
2025-11-14 09:10:13,934 [INFO] IPUIPlugin:80 - create IPUIPlugin
2025-11-14 09:10:13,934 [INFO] PluginManager:220 - loadIPPluginJar : add touchsensing
2025-11-14 09:10:13,939 [INFO] IPUIPlugin:80 - create IPUIPlugin
2025-11-14 09:10:13,939 [INFO] PluginManager:220 - loadIPPluginJar : add tracer_emb
2025-11-14 09:10:13,944 [INFO] IPUIPlugin:80 - create IPUIPlugin
2025-11-14 09:10:13,944 [INFO] PluginManager:220 - loadIPPluginJar : add ts
2025-11-14 09:10:13,949 [INFO] IPUIPlugin:80 - create IPUIPlugin
2025-11-14 09:10:13,949 [INFO] PluginManager:220 - loadIPPluginJar : add tsc
2025-11-14 09:10:13,954 [INFO] IPUIPlugin:80 - create IPUIPlugin
2025-11-14 09:10:13,954 [INFO] PluginManager:220 - loadIPPluginJar : add ucpd
2025-11-14 09:10:13,962 [INFO] IPUIPlugin:80 - create IPUIPlugin
2025-11-14 09:10:13,962 [INFO] PluginManager:220 - loadIPPluginJar : add usart
2025-11-14 09:10:13,971 [INFO] IPUIPlugin:80 - create IPUIPlugin
2025-11-14 09:10:13,971 [INFO] PluginManager:220 - loadIPPluginJar : add usbx
2025-11-14 09:10:14,152 [FATAL] Updater:351 - Updater called before beeing initialized
2025-11-14 09:10:14,228 [INFO] RulesReader:64 - Compatibility file has been processed (317 Rules)
2025-11-14 09:10:14,244 [INFO] RulesReader:64 - Compatibility file has been processed (317 Rules)
2025-11-14 09:10:14,257 [INFO] CADModel:165 - CPN selected for project level
2025-11-14 09:10:14,257 [INFO] CADModel:114 - Register for checkConnection events
2025-11-14 09:10:14,257 [FATAL] Updater:351 - Updater called before beeing initialized
2025-11-14 09:10:14,257 [ERROR] CADModel:125 - Updater not yet initialized, retry later 
2025-11-14 09:10:14,558 [FATAL] Updater:351 - Updater called before beeing initialized
2025-11-14 09:10:14,561 [INFO] CADModel:165 - CPN selected for project level
2025-11-14 09:10:14,561 [INFO] CADModel:114 - Register for checkConnection events
2025-11-14 09:10:14,561 [FATAL] Updater:351 - Updater called before beeing initialized
2025-11-14 09:10:14,561 [ERROR] CADModel:125 - Updater not yet initialized, retry later 
2025-11-14 09:10:14,567 [FATAL] Updater:351 - Updater called before beeing initialized
2025-11-14 09:10:14,811 [FATAL] Updater:351 - Updater called before beeing initialized
2025-11-14 09:10:14,818 [INFO] DbMcusAds:53 - JSON generation date=Fri Nov 07 12:13:48 CET 2025 (1762514028606)
2025-11-14 09:10:14,818 [FATAL] Updater:351 - Updater called before beeing initialized
2025-11-14 09:10:14,898 [WARN] DetailPanel:346 - Failed to get advertising image, set to default
2025-11-14 09:10:15,078 [FATAL] Updater:351 - Updater called before beeing initialized
2025-11-14 09:10:15,080 [FATAL] Updater:351 - Updater called before beeing initialized
2025-11-14 09:10:15,080 [FATAL] Updater:351 - Updater called before beeing initialized
2025-11-14 09:10:15,080 [WARN] DetailPanel:346 - Failed to get advertising image, set to default
2025-11-14 09:10:15,081 [FATAL] Updater:351 - Updater called before beeing initialized
2025-11-14 09:10:15,206 [ERROR] Updater:1198 - MainUpdater not yet initialized. External WinMGr cannot be set.
2025-11-14 09:10:15,214 [INFO] Updater:1134 - Updater Version found : 6.15.0
2025-11-14 09:10:15,258 [INFO] ApplicationProperties:184 - Using Application install path: F:\Knowledge_Update\STM32CubeIDE_1.19.0\STM32CubeIDE\plugins\com.st.stm32cube.common.mx_6.15.0.202507011659
2025-11-14 09:10:15,563 [INFO] ThirdPartyUpdaterWithRetryManager:70 - Updater plugin not ready yet. [2/15]
2025-11-14 09:10:16,937 [ERROR] LogOutputStream:75 - [STDERR_REDIRECT] Nov 14, 2025 9:10:16 AM java.util.prefs.WindowsPreferences <init>
2025-11-14 09:10:16,947 [ERROR] LogOutputStream:75 - [STDERR_REDIRECT] WARNING: Could not open/create prefs root node Software\JavaSoft\Prefs at root 0xffffffff80000002. Windows RegCreateKeyEx(...) returned error code 5.
2025-11-14 09:10:16,948 [ERROR] LogOutputStream:75 - [STDERR_REDIRECT] 
2025-11-14 09:10:17,623 [INFO] MainUpdater:2872 - connection check result : 10
2025-11-14 09:10:17,624 [INFO] MainUpdater:289 - Updater Check For Update Now.
2025-11-14 09:10:17,624 [INFO] MicroXplorer:498 - Change Database Version : DB.6.0.150
2025-11-14 09:10:17,635 [INFO] McuFinderGlobals:63 - Set McuFinder mode to 2 (CubeIDE integrated)
2025-11-14 09:10:17,635 [INFO] UserAuth:171 - activating auth plugin
2025-11-14 09:10:17,639 [INFO] UserAuth:487 - Internet connection configuration mode: 1
2025-11-14 09:10:17,671 [INFO] JxBrowserEngine:152 - Initiate JxBrowser Engine with user profile folder
2025-11-14 09:10:17,937 [INFO] CheckServerUpdateThread:120 - End of CheckServer Thread
2025-11-14 09:10:20,036 [WARN] PackLoader:240 - Cannot read IP mode file for STMicroelectronics.FP-SNS-MOTENVWB1.1.4.0
2025-11-14 09:10:20,063 [WARN] PackLoader:240 - Cannot read IP mode file for STMicroelectronics.FP-ATR-ASTRA1.2.0.2
2025-11-14 09:10:20,085 [WARN] PackLoader:240 - Cannot read IP mode file for STMicroelectronics.X-CUBE-SMBUS.2.1.0
2025-11-14 09:10:20,097 [WARN] PackLoader:240 - Cannot read IP mode file for STMicroelectronics.X-CUBE-ST60.1.0.0
2025-11-14 09:10:20,186 [WARN] PackLoader:240 - Cannot read IP mode file for STMicroelectronics.X-CUBE-AZRTOS-F7.1.1.0
2025-11-14 09:10:20,215 [WARN] PackLoader:240 - Cannot read IP mode file for STMicroelectronics.FP-SNS-MOTENV1.5.1.0
2025-11-14 09:10:20,237 [WARN] PackLoader:240 - Cannot read IP mode file for WES.I-CUBE-Cesium.1.4.0
2025-11-14 09:10:20,297 [WARN] PackLoader:240 - Cannot read IP mode file for Infineon.AIROC-Wi-Fi-Bluetooth-STM32.1.7.1
2025-11-14 09:10:20,359 [WARN] PackLoader:240 - Cannot read IP mode file for STMicroelectronics.X-CUBE-AZRTOS-H7.3.4.0
2025-11-14 09:10:20,376 [WARN] PackLoader:240 - Cannot read IP mode file for STMicroelectronics.X-CUBE-DISPLAY.3.0.0
2025-11-14 09:10:20,401 [WARN] PackLoader:240 - Cannot read IP mode file for STMicroelectronics.X-CUBE-NFC10.1.0.0
2025-11-14 09:10:20,412 [WARN] PackLoader:240 - Cannot read IP mode file for STMicroelectronics.X-CUBE-ST60.1.1.0
2025-11-14 09:10:20,420 [INFO] WebApp:169 - Instantiating new browser for Auth
2025-11-14 09:10:20,422 [WARN] PackLoader:240 - Cannot read IP mode file for emotas.I-CUBE-CANOPEN.1.3.0
2025-11-14 09:10:20,431 [WARN] PackLoader:240 - Cannot read IP mode file for STMicroelectronics.X-CUBE-GNSS1.7.1.0
2025-11-14 09:10:20,463 [WARN] PackLoader:240 - Cannot read IP mode file for STMicroelectronics.FP-SNS-STBOX1.2.1.0
2025-11-14 09:10:20,502 [WARN] PackLoader:240 - Cannot read IP mode file for STMicroelectronics.FP-SNS-SMARTAG2.1.2.0
2025-11-14 09:10:20,525 [WARN] PackLoader:240 - Cannot read IP mode file for STMicroelectronics.FP-SNS-FLIGHT1.5.1.0
2025-11-14 09:10:20,548 [INFO] LogOutputStream:77 - [STDOUT_REDIRECT] 1 : Invalid condition id : UX_CORESTACK_Condition cause : null
2025-11-14 09:10:20,548 [INFO] LogOutputStream:77 - [STDOUT_REDIRECT] 1 : Invalid condition id : UX_CORESTACK_Condition cause : null
2025-11-14 09:10:20,553 [INFO] LogOutputStream:77 - [STDOUT_REDIRECT] 1 : Invalid condition id : UX_CORESTACK_Condition cause : null
2025-11-14 09:10:20,556 [INFO] LogOutputStream:77 - [STDOUT_REDIRECT] 1 : Invalid condition id : UX_CORESTACK_Condition cause : null
2025-11-14 09:10:20,559 [INFO] LogOutputStream:77 - [STDOUT_REDIRECT] 1 : Invalid condition id : UX_CORESTACK_Condition cause : null
2025-11-14 09:10:20,573 [WARN] PackLoader:240 - Cannot read IP mode file for STMicroelectronics.X-CUBE-AZRTOS-WL.2.0.0
2025-11-14 09:10:20,598 [WARN] PackLoader:240 - Cannot read IP mode file for STMicroelectronics.FP-SNS-MOTENV1.5.0.0
2025-11-14 09:10:20,635 [WARN] PackLoader:240 - Cannot read IP mode file for WES.I-CUBE-Cesium.1.3.0
2025-11-14 09:10:20,650 [WARN] PackLoader:240 - Cannot read IP mode file for STMicroelectronics.X-CUBE-BLE2.3.3.0
2025-11-14 09:10:20,727 [WARN] PackLoader:240 - Cannot read IP mode file for STMicroelectronics.X-CUBE-NFC9.1.0.0
2025-11-14 09:10:20,743 [WARN] PackLoader:240 - Cannot read IP mode file for wolfSSL.I-CUBE-wolfSSL.5.8.2
2025-11-14 09:10:20,758 [WARN] PackLoader:240 - Cannot read IP mode file for STMicroelectronics.X-CUBE-BLE1.7.1.0
2025-11-14 09:10:20,769 [WARN] PackLoader:240 - Cannot read IP mode file for wolfSSL.I-CUBE-wolfMQTT.1.19.2
2025-11-14 09:10:20,789 [WARN] PackLoader:240 - Cannot read IP mode file for STMicroelectronics.X-CUBE-EEPRMA1.5.2.0
2025-11-14 09:10:20,803 [WARN] PackLoader:240 - Cannot read IP mode file for STMicroelectronics.X-CUBE-ST67W61.1.1.0
2025-11-14 09:10:20,832 [WARN] PackLoader:240 - Cannot read IP mode file for STMicroelectronics.X-CUBE-AZRTOS-G0.1.1.0
2025-11-14 09:10:20,847 [WARN] PackLoader:240 - Cannot read IP mode file for STMicroelectronics.X-CUBE-SAFEA1.1.2.2
2025-11-14 09:10:20,857 [WARN] PackLoader:240 - Cannot read IP mode file for STMicroelectronics.X-CUBE-NFC4.3.0.0
2025-11-14 09:10:20,871 [WARN] PackLoader:240 - Cannot read IP mode file for EmbeddedOffice.I-CUBE-FS-RTOS.1.0.1
2025-11-14 09:10:20,893 [WARN] PackLoader:240 - Cannot read IP mode file for STMicroelectronics.X-CUBE-WB05N.2.0.0
2025-11-14 09:10:20,900 [WARN] PackLoader:240 - Cannot read IP mode file for wolfSSL.I-CUBE-wolfTPM.3.8.0
2025-11-14 09:10:20,909 [WARN] PackLoader:240 - Cannot read IP mode file for STMicroelectronics.X-CUBE-TCPP.4.2.0
2025-11-14 09:10:20,918 [WARN] PackLoader:240 - Cannot read IP mode file for RealThread.X-CUBE-RT-Thread_Nano.4.1.1
2025-11-14 09:10:20,924 [WARN] PackLoader:240 - Cannot read IP mode file for STMicroelectronics.FP-ATR-SIGFOX1.3.2.0
2025-11-14 09:10:20,934 [WARN] PackLoader:240 - Cannot read IP mode file for ITTIA_DB.I-CUBE-ITTIADB.8.9.0
2025-11-14 09:10:20,943 [WARN] PackLoader:240 - Cannot read IP mode file for STMicroelectronics.X-CUBE-ST67W61.1.0.0
2025-11-14 09:10:20,950 [WARN] PackLoader:240 - Cannot read IP mode file for STMicroelectronics.X-CUBE-AI.10.2.0
2025-11-14 09:10:20,992 [WARN] PackLoader:240 - Cannot read IP mode file for SEGGER.I-CUBE-embOS.1.3.1
2025-11-14 09:10:21,054 [WARN] PackLoader:240 - Cannot read IP mode file for STMicroelectronics.X-CUBE-ALGOBUILD.1.4.0
2025-11-14 09:10:21,131 [WARN] PackLoader:240 - Cannot read IP mode file for STMicroelectronics.X-CUBE-MEMS1.11.3.0
2025-11-14 09:10:21,570 [WARN] PackLoader:240 - Cannot read IP mode file for STMicroelectronics.X-CUBE-PM33A1.1.0.0
2025-11-14 09:10:21,611 [WARN] PackLoader:240 - Cannot read IP mode file for STMicroelectronics.X-CUBE-AZRTOS-F4.1.1.0
2025-11-14 09:10:21,622 [WARN] PackLoader:240 - Cannot read IP mode file for Avnet-IotConnect.X-CUBE-IoTC-DA16k-PMOD.1.0.0
2025-11-14 09:10:21,630 [WARN] PackLoader:240 - Cannot read IP mode file for STMicroelectronics.X-CUBE-ISPU.2.1.0
2025-11-14 09:10:21,654 [WARN] PackLoader:240 - Cannot read IP mode file for STMicroelectronics.X-CUBE-IPS.3.2.0
2025-11-14 09:10:21,711 [WARN] PackLoader:240 - Cannot read IP mode file for STMicroelectronics.X-CUBE-NFC12.1.0.0
2025-11-14 09:10:21,763 [WARN] PackLoader:240 - Cannot read IP mode file for STMicroelectronics.X-CUBE-AZRTOS-L5.2.0.0
2025-11-14 09:10:21,787 [WARN] PackLoader:240 - Cannot read IP mode file for STMicroelectronics.X-CUBE-NFC6.3.1.0
2025-11-14 09:10:21,804 [WARN] PackLoader:240 - Cannot read IP mode file for STMicroelectronics.X-CUBE-FREERTOS.1.3.1
2025-11-14 09:10:21,817 [WARN] PackLoader:240 - Cannot read IP mode file for STMicroelectronics.X-CUBE-TOUCHGFX.4.26.0
2025-11-14 09:10:21,829 [WARN] PackLoader:240 - Cannot read IP mode file for STMicroelectronics.FP-SNS-STAIOTCFT.1.0.0
2025-11-14 09:10:21,841 [WARN] PackLoader:240 - Cannot read IP mode file for STMicroelectronics.X-CUBE-DPower.1.3.0
2025-11-14 09:10:21,879 [WARN] ConditionMgr:438 - getConditionDescription Invalid condition id : LAN8742 Phy interface Condition cause : null
2025-11-14 09:10:21,880 [WARN] PackLoader:240 - Cannot read IP mode file for STMicroelectronics.X-CUBE-AZRTOS-L4.2.0.0
2025-11-14 09:10:21,882 [WARN] ConditionMgr:1044 - genDependencies : Invalid condition id : LAN8742 Phy interface Condition cause : null
2025-11-14 09:10:21,883 [WARN] ConditionMgr:1044 - genDependencies : Invalid condition id : LAN8742 Phy interface Condition cause : null
2025-11-14 09:10:21,885 [WARN] ConditionMgr:1044 - genDependencies : Invalid condition id : LAN8742 Phy interface Condition cause : null
2025-11-14 09:10:21,903 [WARN] PackLoader:240 - Cannot read IP mode file for STMicroelectronics.X-CUBE-SFXS2LP1.4.0.0
2025-11-14 09:10:21,928 [WARN] PackLoader:240 - Cannot read IP mode file for STMicroelectronics.X-CUBE-BLEMGR.4.1.0
2025-11-14 09:10:22,028 [WARN] ConditionMgr:438 - getConditionDescription Invalid condition id : UX DEVICE CLASS RTOS Condition cause : null
2025-11-14 09:10:22,028 [WARN] ConditionMgr:438 - getConditionDescription Invalid condition id : UX DEVICE CLASS RTOS Condition cause : null
2025-11-14 09:10:22,031 [WARN] PackLoader:240 - Cannot read IP mode file for STMicroelectronics.X-CUBE-AZRTOS-WB.2.0.0
2025-11-14 09:10:22,031 [WARN] ConditionMgr:1044 - genDependencies : Invalid condition id : UX DEVICE CLASS RTOS Condition cause : null
2025-11-14 09:10:22,031 [WARN] ConditionMgr:1044 - genDependencies : Invalid condition id : UX DEVICE CLASS RTOS Condition cause : null
2025-11-14 09:10:22,032 [WARN] ConditionMgr:1044 - genDependencies : Invalid condition id : UX DEVICE CLASS RTOS Condition cause : null
2025-11-14 09:10:22,032 [WARN] ConditionMgr:1044 - genDependencies : Invalid condition id : UX DEVICE CLASS RTOS Condition cause : null
2025-11-14 09:10:22,032 [WARN] ConditionMgr:1044 - genDependencies : Invalid condition id : UX DEVICE CLASS RTOS Condition cause : null
2025-11-14 09:10:22,103 [WARN] PackLoader:240 - Cannot read IP mode file for STMicroelectronics.X-CUBE-GNSS1.7.0.1
2025-11-14 09:10:22,157 [WARN] PackLoader:240 - Cannot read IP mode file for STMicroelectronics.X-CUBE-TOUCHGFX.4.25.0
2025-11-14 09:10:22,183 [WARN] ConditionMgr:438 - getConditionDescription Invalid condition id : Cortex-A Device cause : null
2025-11-14 09:10:22,226 [WARN] ConditionMgr:1044 - genDependencies : Invalid condition id : Cortex-A Device cause : null
2025-11-14 09:10:22,227 [WARN] ConditionMgr:1044 - genDependencies : Invalid condition id : Cortex-A Device cause : null
2025-11-14 09:10:22,227 [WARN] ConditionMgr:1044 - genDependencies : Invalid condition id : Cortex-A Device cause : null
2025-11-14 09:10:22,249 [WARN] PackLoader:240 - Cannot read IP mode file for STMicroelectronics.X-CUBE-SUBG2.5.0.0
2025-11-14 09:10:22,371 [WARN] PackLoader:240 - Cannot read IP mode file for STMicroelectronics.X-CUBE-AZRTOS-H7RS.1.1.0
2025-11-14 09:10:22,396 [WARN] PackLoader:240 - Cannot read IP mode file for Cesanta.I-CUBE-Mongoose.7.13.0
2025-11-14 09:10:22,431 [WARN] PackLoader:240 - Cannot read IP mode file for STMicroelectronics.X-CUBE-AZRTOS-G4.2.0.0
2025-11-14 09:10:22,443 [WARN] PackLoader:240 - Cannot read IP mode file for wolfSSL.I-CUBE-wolfSSH.1.4.20
2025-11-14 09:10:22,455 [WARN] PackLoader:240 - Cannot read IP mode file for STMicroelectronics.X-CUBE-NFC7.2.0.0
2025-11-14 09:10:22,495 [WARN] PackLoader:240 - Cannot read IP mode file for STMicroelectronics.X-CUBE-IPS.3.1.0
2025-11-14 09:10:22,521 [WARN] PackLoader:240 - Cannot read IP mode file for STMicroelectronics.X-CUBE-ALS.1.0.2
2025-11-14 09:10:22,535 [WARN] PackLoader:240 - Cannot read IP mode file for STMicroelectronics.X-CUBE-STSE01.1.0.0
2025-11-14 09:10:22,548 [WARN] PackLoader:240 - Cannot read IP mode file for portGmbH.I-Cube-SoM-uGOAL.1.1.0
2025-11-14 09:10:22,582 [WARN] PackLoader:240 - Cannot read IP mode file for STMicroelectronics.X-CUBE-TOF1.3.4.3
2025-11-14 09:10:22,626 [INFO] ThirdParty:978 - Integrity check success = true
2025-11-14 09:10:22,627 [INFO] IntegrityCheckThread:100 - exiting critical section [integrity check]
2025-11-14 09:10:22,627 [INFO] IntegrityCheckThread:103 - End integrity checks thread
2025-11-14 09:10:22,704 [INFO] WebApp:463 - Apply proxy settings
2025-11-14 09:10:22,705 [INFO] WebApp:548 - Chromium requires no authentication
2025-11-14 09:10:22,735 [INFO] WebApp:491 - Direct internet connection detected
2025-11-14 09:10:22,788 [INFO] WebApp:900 - Register for checkConnection events
2025-11-14 09:10:22,789 [INFO] WebApp:463 - Apply proxy settings
2025-11-14 09:10:22,789 [INFO] WebApp:548 - Chromium requires no authentication
2025-11-14 09:10:22,790 [INFO] WebApp:491 - Direct internet connection detected
2025-11-14 09:10:22,990 [INFO] WebApp:191 - Connection restablished
2025-11-14 09:10:23,289 [INFO] WebApp:225 - Starting web application
2025-11-14 09:10:23,289 [INFO] WebApp:593 - Web application path used F:\Knowledge_Update\STM32CubeIDE_1.19.0\STM32CubeIDE\plugins\com.st.stm32cube.common.mx_6.15.0.202507011659\db\plugins\mcufinder\reactClient1\index.html
2025-11-14 09:31:38,952 [INFO] WebApp:194 - Connection lost
2025-11-14 09:31:39,764 [INFO] WebApp:191 - Connection restablished
2025-11-14 09:31:50,512 [INFO] WebApp:194 - Connection lost
2025-11-14 09:32:04,513 [INFO] WebApp:191 - Connection restablished
2025-11-14 09:32:05,960 [INFO] WebApp:194 - Connection lost
2025-11-14 09:32:06,087 [INFO] WebApp:191 - Connection restablished
2025-11-14 09:32:08,510 [INFO] WebApp:194 - Connection lost
2025-11-14 09:32:08,664 [INFO] WebApp:191 - Connection restablished
2025-11-14 09:33:54,024 [INFO] WebApp:194 - Connection lost
2025-11-14 09:33:54,223 [INFO] WebApp:191 - Connection restablished
2025-11-14 09:36:21,476 [INFO] WebApp:194 - Connection lost
2025-11-14 09:36:21,665 [INFO] WebApp:191 - Connection restablished
2025-11-14 09:42:14,473 [INFO] WebApp:194 - Connection lost
2025-11-14 09:42:14,644 [INFO] WebApp:191 - Connection restablished
2025-11-14 13:57:52,066 [INFO] WebApp:194 - Connection lost
2025-11-14 13:57:52,225 [INFO] WebApp:191 - Connection restablished
2025-11-14 13:57:56,943 [INFO] WebApp:194 - Connection lost
2025-11-14 13:57:57,162 [INFO] WebApp:191 - Connection restablished
2025-11-14 14:20:45,984 [INFO] WebApp:194 - Connection lost
2025-11-14 14:20:46,170 [INFO] WebApp:191 - Connection restablished
2025-11-14 14:35:13,964 [INFO] WebApp:194 - Connection lost
2025-11-14 14:35:14,186 [INFO] WebApp:191 - Connection restablished
2025-11-14 14:44:24,008 [INFO] WebApp:194 - Connection lost
2025-11-14 14:44:24,203 [INFO] WebApp:191 - Connection restablished
2025-11-14 14:49:49,049 [INFO] WebApp:194 - Connection lost
2025-11-14 14:49:49,233 [INFO] WebApp:191 - Connection restablished
2025-11-14 15:14:55,247 [INFO] WebApp:194 - Connection lost
2025-11-14 15:15:25,910 [INFO] WebApp:191 - Connection restablished
2025-11-14 15:15:40,935 [INFO] WebApp:194 - Connection lost
2025-11-14 15:15:41,054 [INFO] WebApp:191 - Connection restablished
2025-11-14 15:44:08,100 [INFO] WebApp:194 - Connection lost
2025-11-14 15:44:08,330 [INFO] WebApp:191 - Connection restablished
2025-11-14 15:44:15,963 [INFO] WebApp:194 - Connection lost
2025-11-14 15:44:16,219 [INFO] WebApp:191 - Connection restablished
2025-11-14 16:56:43,595 [INFO] WebApp:194 - Connection lost
2025-11-14 16:56:43,757 [INFO] WebApp:191 - Connection restablished
2025-11-14 16:56:47,982 [INFO] WebApp:194 - Connection lost
2025-11-14 16:56:48,138 [INFO] WebApp:191 - Connection restablished
2025-11-14 16:57:42,953 [INFO] WebApp:194 - Connection lost
2025-11-14 16:57:44,168 [INFO] WebApp:191 - Connection restablished
2025-11-14 17:10:11,287 [ERROR] LogOutputStream:75 - [STDERR_REDIRECT] 
2025-11-14 17:10:11,299 [ERROR] LogOutputStream:75 - [STDERR_REDIRECT] 
