2025-11-04 10:07:53,650 [INFO] Activator:176 - 


2025-11-04 10:07:53,664 [INFO] Activator:177 - !SESSION log4j initialized
2025-11-04 10:08:05,963 [INFO] LogOutputStream:77 - [STDOUT_REDIRECT] 
2025-11-04 10:08:07,991 [INFO] ApplicationProperties:184 - Using Application install path: F:\Knowledge_Update\STM32CubeIDE_1.19.0\STM32CubeIDE\plugins\com.st.stm32cube.common.mx_6.15.0.202507011659
2025-11-04 10:08:08,023 [INFO] DbMcusXml:78 - Set database path to: F:\Knowledge_Update\STM32CubeIDE_1.19.0\STM32CubeIDE\plugins\com.st.stm32cube.common.mx_6.15.0.202507011659\\db\/mcu/
2025-11-04 10:08:08,023 [INFO] ApiDb:274 - Set plugin database path to: F:\Knowledge_Update\STM32CubeIDE_1.19.0\STM32CubeIDE\plugins\com.st.stm32cube.common.mx_6.15.0.202507011659\\db\/plugins/boardmanager/
2025-11-04 10:08:08,026 [WARN] ApiDb:259 - Overriding images path with different value:  => F:\Knowledge_Update\STM32CubeIDE_1.19.0\STM32CubeIDE\plugins\com.st.stm32cube.common.mx_6.15.0.202507011659\\db\/plugins/mcufinder/images/
2025-11-04 10:08:08,042 [INFO] ApiDb:250 - Set database path to: C:\Users\hp\.stmcufinder\plugins\mcufinder//mcu/
2025-11-04 10:08:08,044 [INFO] DbMcusAds:125 - Set database path to: C:\Users\hp\.stmcufinder\plugins\mcufinder//mcu/
2025-11-04 10:08:08,049 [INFO] CrossReferenceDbSqlite:203 - Set database path to: C:\Users\hp\.stmcufinder\plugins\mcufinder//mcu/cs/
2025-11-04 10:08:08,324 [INFO] RulesReader:64 - Compatibility file has been processed (317 Rules)
2025-11-04 10:08:08,517 [INFO] DbMcusXml:78 - Set database path to: F:\Knowledge_Update\STM32CubeIDE_1.19.0\STM32CubeIDE\plugins\com.st.stm32cube.common.mx_6.15.0.202507011659\\db\/mcu/
2025-11-04 10:08:08,517 [INFO] ApiDb:274 - Set plugin database path to: F:\Knowledge_Update\STM32CubeIDE_1.19.0\STM32CubeIDE\plugins\com.st.stm32cube.common.mx_6.15.0.202507011659\\db\/plugins/boardmanager/
2025-11-04 10:08:08,518 [INFO] ApiDb:261 - Set plugin images path to: F:\Knowledge_Update\STM32CubeIDE_1.19.0\STM32CubeIDE\plugins\com.st.stm32cube.common.mx_6.15.0.202507011659\\db\/plugins/mcufinder/images/
2025-11-04 10:08:08,519 [WARN] DbFile:41 - Overriding database path with different value: C:\Users\hp\.stmcufinder\plugins\mcufinder/ => C:\Users\hp\.stmcufinder\plugins\mcufinder
2025-11-04 10:08:08,520 [INFO] ApiDb:250 - Set database path to: C:\Users\hp\.stmcufinder\plugins\mcufinder//mcu/
2025-11-04 10:08:08,520 [WARN] DbFile:41 - Overriding database path with different value: C:\Users\hp\.stmcufinder\plugins\mcufinder/ => C:\Users\hp\.stmcufinder\plugins\mcufinder
2025-11-04 10:08:08,520 [INFO] DbMcusAds:125 - Set database path to: C:\Users\hp\.stmcufinder\plugins\mcufinder//mcu/
2025-11-04 10:08:08,520 [WARN] DbFile:41 - Overriding database path with different value: C:\Users\hp\.stmcufinder\plugins\mcufinder/ => C:\Users\hp\.stmcufinder\plugins\mcufinder
2025-11-04 10:08:08,520 [WARN] DbFile:41 - Overriding database path with different value: C:\Users\hp\.stmcufinder\plugins\mcufinder/ => C:\Users\hp\.stmcufinder\plugins\mcufinder
2025-11-04 10:08:08,521 [INFO] CrossReferenceDbSqlite:203 - Set database path to: C:\Users\hp\.stmcufinder\plugins\mcufinder//mcu/cs/
2025-11-04 10:08:08,696 [INFO] MainPanel:274 - HeapMemory: 268435456
2025-11-04 10:08:08,895 [INFO] DbMcusXml:78 - Set database path to: F:\Knowledge_Update\STM32CubeIDE_1.19.0\STM32CubeIDE\plugins\com.st.stm32cube.common.mx_6.15.0.202507011659\\db\/mcu/
2025-11-04 10:08:08,895 [INFO] ApiDb:274 - Set plugin database path to: F:\Knowledge_Update\STM32CubeIDE_1.19.0\STM32CubeIDE\plugins\com.st.stm32cube.common.mx_6.15.0.202507011659\\db\/plugins/boardmanager/
2025-11-04 10:08:08,895 [INFO] ApiDb:261 - Set plugin images path to: F:\Knowledge_Update\STM32CubeIDE_1.19.0\STM32CubeIDE\plugins\com.st.stm32cube.common.mx_6.15.0.202507011659\\db\/plugins/mcufinder/images/
2025-11-04 10:08:08,895 [WARN] DbFile:41 - Overriding database path with different value: C:\Users\hp\.stmcufinder\plugins\mcufinder/ => C:\Users\hp\.stmcufinder\plugins\mcufinder
2025-11-04 10:08:08,895 [INFO] ApiDb:250 - Set database path to: C:\Users\hp\.stmcufinder\plugins\mcufinder//mcu/
2025-11-04 10:08:08,896 [WARN] DbFile:41 - Overriding database path with different value: C:\Users\hp\.stmcufinder\plugins\mcufinder/ => C:\Users\hp\.stmcufinder\plugins\mcufinder
2025-11-04 10:08:08,896 [INFO] DbMcusAds:125 - Set database path to: C:\Users\hp\.stmcufinder\plugins\mcufinder//mcu/
2025-11-04 10:08:08,896 [WARN] DbFile:41 - Overriding database path with different value: C:\Users\hp\.stmcufinder\plugins\mcufinder/ => C:\Users\hp\.stmcufinder\plugins\mcufinder
2025-11-04 10:08:08,896 [WARN] DbFile:41 - Overriding database path with different value: C:\Users\hp\.stmcufinder\plugins\mcufinder/ => C:\Users\hp\.stmcufinder\plugins\mcufinder
2025-11-04 10:08:08,896 [INFO] CrossReferenceDbSqlite:203 - Set database path to: C:\Users\hp\.stmcufinder\plugins\mcufinder//mcu/cs/
2025-11-04 10:08:08,931 [INFO] ApplicationProperties:184 - Using Application install path: F:\Knowledge_Update\STM32CubeIDE_1.19.0\STM32CubeIDE\plugins\com.st.stm32cube.common.mx_6.15.0.202507011659
2025-11-04 10:08:08,934 [INFO] PluginManage:196 - Search for loadable plugins [exclusion list=, ]
2025-11-04 10:08:08,939 [INFO] PluginManage:310 - Check plugin analytics
2025-11-04 10:08:09,354 [INFO] AnalyticsPlugin:253 - Accepted Software Licenses: STM32CubeMX.6.15.0
2025-11-04 10:08:09,354 [INFO] AnalyticsPlugin:255 - Accepted CMSIS Pack Licenses: 
2025-11-04 10:08:09,355 [INFO] AnalyticsPlugin:257 - Accepted Firmware Licenses: FW.F4.1.28.0
2025-11-04 10:08:09,360 [INFO] PluginManage:359 - Loaded plugin analytics (category:tool,tabindex:-1)
2025-11-04 10:08:09,361 [INFO] PluginManage:310 - Check plugin cadmodel
2025-11-04 10:08:09,372 [INFO] CADModel:105 - Init CAD model plugin
2025-11-04 10:08:09,372 [INFO] PluginManage:359 - Loaded plugin cadmodel (category:power,tabindex:5)
2025-11-04 10:08:09,373 [INFO] PluginManage:310 - Check plugin clock
2025-11-04 10:08:09,393 [INFO] PluginManage:359 - Loaded plugin clock (category:base,tabindex:2)
2025-11-04 10:08:09,393 [INFO] PluginManage:310 - Check plugin ddr
2025-11-04 10:08:09,396 [INFO] PluginManage:359 - Loaded plugin ddr (category:tool,tabindex:6)
2025-11-04 10:08:09,397 [INFO] PluginManage:310 - Check plugin filemanager
2025-11-04 10:08:09,847 [INFO] PluginManage:359 - Loaded plugin filemanager (category:base,tabindex:10)
2025-11-04 10:08:09,847 [INFO] PluginManage:310 - Check plugin ipmanager
2025-11-04 10:08:09,867 [INFO] PluginManage:359 - Loaded plugin ipmanager (category:base,tabindex:5)
2025-11-04 10:08:09,867 [INFO] PluginManage:310 - Check plugin lpbam
2025-11-04 10:08:09,970 [INFO] PluginManage:359 - Loaded plugin lpbam (category:base,tabindex:0)
2025-11-04 10:08:09,971 [INFO] PluginManage:310 - Check plugin memorymap
2025-11-04 10:08:10,041 [INFO] PluginManage:359 - Loaded plugin memorymap (category:base,tabindex:4)
2025-11-04 10:08:10,041 [INFO] PluginManage:310 - Check plugin pinoutandconfiguration
2025-11-04 10:08:10,059 [INFO] PluginManage:359 - Loaded plugin pinoutandconfiguration (category:base,tabindex:1)
2025-11-04 10:08:10,059 [INFO] PluginManage:310 - Check plugin pinoutconfig
2025-11-04 10:08:10,308 [WARN] SupportedApi:132 - Cannot load RTOS API schema: s4s-elt-must-match.1: The content of 'definitions' must match (annotation?, (simpleType | complexType)?, (unique | key | keyref)*)). A problem was found starting at: attribute.
2025-11-04 10:08:10,600 [INFO] PluginManage:359 - Loaded plugin pinoutconfig (category:base,tabindex:0)
2025-11-04 10:08:10,601 [INFO] PluginManage:310 - Check plugin power
2025-11-04 10:08:10,622 [INFO] PluginManage:359 - Loaded plugin power (category:power,tabindex:4)
2025-11-04 10:08:10,623 [INFO] PluginManage:310 - Check plugin projectmanager
2025-11-04 10:08:10,648 [INFO] PluginManage:359 - Loaded plugin projectmanager (category:projectmanager,tabindex:4)
2025-11-04 10:08:10,648 [INFO] PluginManage:310 - Check plugin rif
2025-11-04 10:08:10,985 [INFO] PluginManage:359 - Loaded plugin rif (category:base,tabindex:3)
2025-11-04 10:08:10,986 [INFO] PluginManage:310 - Check plugin thirdparty
2025-11-04 10:08:11,320 [INFO] PluginManage:359 - Loaded plugin thirdparty (category:base,tabindex:-1)
2025-11-04 10:08:11,320 [WARN] IntegrityCheckThread:84 - waiting for thirdparty lock release [integrity check]
2025-11-04 10:08:11,320 [INFO] PluginManage:310 - Check plugin tools
2025-11-04 10:08:11,321 [INFO] IntegrityCheckThread:86 - entering critical section [integrity check]
2025-11-04 10:08:11,322 [INFO] ThirdPartyUpdaterWithRetryManager:70 - Updater plugin not ready yet. [1/15]
2025-11-04 10:08:11,329 [INFO] PluginManage:359 - Loaded plugin tools (category:base,tabindex:7)
2025-11-04 10:08:11,330 [INFO] PluginManage:310 - Check plugin tutovideos
2025-11-04 10:08:11,871 [INFO] PluginManage:359 - Loaded plugin tutovideos (category:base,tabindex:-1)
2025-11-04 10:08:11,871 [INFO] PluginManage:310 - Check plugin updater
2025-11-04 10:08:11,913 [INFO] PluginManage:359 - Loaded plugin updater (category:base,tabindex:12)
2025-11-04 10:08:11,913 [INFO] PluginManage:310 - Check plugin userauth
2025-11-04 10:08:11,921 [INFO] UserAuth:118 - Init User Auth plugin
2025-11-04 10:08:11,922 [INFO] PluginManage:359 - Loaded plugin userauth (category:base,tabindex:14)
2025-11-04 10:08:11,923 [INFO] PluginManage:283 - PluginManage : Loaded plugins [18]
2025-11-04 10:08:12,497 [INFO] PinOutPanel:1589 - setPackage(No Configuration,No Configuration)
2025-11-04 10:08:12,695 [INFO] CADModel:165 - CPN selected for project level
2025-11-04 10:08:12,695 [INFO] CADModel:114 - Register for checkConnection events
2025-11-04 10:08:12,736 [INFO] IPUIPlugin:80 - create IPUIPlugin
2025-11-04 10:08:12,737 [INFO] PluginManager:220 - loadIPPluginJar : add adc
2025-11-04 10:08:12,745 [INFO] IPUIPlugin:80 - create IPUIPlugin
2025-11-04 10:08:12,745 [INFO] PluginManager:220 - loadIPPluginJar : add aes
2025-11-04 10:08:12,756 [INFO] IPUIPlugin:80 - create IPUIPlugin
2025-11-04 10:08:12,757 [INFO] PluginManager:220 - loadIPPluginJar : add can
2025-11-04 10:08:12,771 [INFO] IPUIPlugin:80 - create IPUIPlugin
2025-11-04 10:08:12,771 [INFO] PluginManager:220 - loadIPPluginJar : add comp
2025-11-04 10:08:12,811 [INFO] IPUIPlugin:80 - create IPUIPlugin
2025-11-04 10:08:12,811 [INFO] PluginManager:220 - loadIPPluginJar : add cryp
2025-11-04 10:08:12,824 [INFO] IPUIPlugin:80 - create IPUIPlugin
2025-11-04 10:08:12,824 [INFO] PluginManager:220 - loadIPPluginJar : add ddr_ctrl_phy
2025-11-04 10:08:12,831 [INFO] IPUIPlugin:80 - create IPUIPlugin
2025-11-04 10:08:12,831 [INFO] PluginManager:220 - loadIPPluginJar : add dfsdm
2025-11-04 10:08:12,865 [INFO] IPUIPlugin:80 - create IPUIPlugin
2025-11-04 10:08:12,867 [INFO] PluginManager:220 - loadIPPluginJar : add dma
2025-11-04 10:08:12,875 [INFO] IPUIPlugin:80 - create IPUIPlugin
2025-11-04 10:08:12,875 [INFO] PluginManager:220 - loadIPPluginJar : add dma3
2025-11-04 10:08:12,887 [INFO] IPUIPlugin:80 - create IPUIPlugin
2025-11-04 10:08:12,887 [INFO] PluginManager:220 - loadIPPluginJar : add extmemmanager
2025-11-04 10:08:12,893 [INFO] IPUIPlugin:80 - create IPUIPlugin
2025-11-04 10:08:12,893 [INFO] PluginManager:220 - loadIPPluginJar : add fatfs
2025-11-04 10:08:12,908 [INFO] IPUIPlugin:80 - create IPUIPlugin
2025-11-04 10:08:12,908 [INFO] PluginManager:220 - loadIPPluginJar : add fmc
2025-11-04 10:08:13,008 [INFO] IPUIPlugin:80 - create IPUIPlugin
2025-11-04 10:08:13,008 [INFO] PluginManager:220 - loadIPPluginJar : add freertos
2025-11-04 10:08:13,013 [INFO] IPUIPlugin:80 - create IPUIPlugin
2025-11-04 10:08:13,013 [INFO] PluginManager:220 - loadIPPluginJar : add genericplugin
2025-11-04 10:08:13,026 [INFO] IPUIPlugin:80 - create IPUIPlugin
2025-11-04 10:08:13,027 [INFO] PluginManager:220 - loadIPPluginJar : add gfxmmu
2025-11-04 10:08:13,056 [INFO] IPUIPlugin:80 - create IPUIPlugin
2025-11-04 10:08:13,057 [INFO] PluginManager:220 - loadIPPluginJar : add gic
2025-11-04 10:08:13,094 [INFO] IPUIPlugin:80 - create IPUIPlugin
2025-11-04 10:08:13,094 [INFO] PluginManager:220 - loadIPPluginJar : add gpio
2025-11-04 10:08:13,113 [INFO] IPUIPlugin:80 - create IPUIPlugin
2025-11-04 10:08:13,114 [INFO] PluginManager:220 - loadIPPluginJar : add gtzc
2025-11-04 10:08:13,124 [INFO] IPUIPlugin:80 - create IPUIPlugin
2025-11-04 10:08:13,124 [INFO] PluginManager:220 - loadIPPluginJar : add hash
2025-11-04 10:08:13,134 [INFO] IPUIPlugin:80 - create IPUIPlugin
2025-11-04 10:08:13,134 [INFO] PluginManager:220 - loadIPPluginJar : add i2c
2025-11-04 10:08:13,146 [INFO] IPUIPlugin:80 - create IPUIPlugin
2025-11-04 10:08:13,146 [INFO] PluginManager:220 - loadIPPluginJar : add i2s
2025-11-04 10:08:13,157 [INFO] IPUIPlugin:80 - create IPUIPlugin
2025-11-04 10:08:13,157 [INFO] PluginManager:220 - loadIPPluginJar : add i3c
2025-11-04 10:08:13,172 [INFO] IPUIPlugin:80 - create IPUIPlugin
2025-11-04 10:08:13,172 [INFO] PluginManager:220 - loadIPPluginJar : add ipddr
2025-11-04 10:08:13,189 [INFO] IPUIPlugin:80 - create IPUIPlugin
2025-11-04 10:08:13,190 [INFO] PluginManager:220 - loadIPPluginJar : add linkedlist
2025-11-04 10:08:13,197 [INFO] IPUIPlugin:80 - create IPUIPlugin
2025-11-04 10:08:13,197 [INFO] PluginManager:220 - loadIPPluginJar : add lorawan
2025-11-04 10:08:13,204 [INFO] IPUIPlugin:80 - create IPUIPlugin
2025-11-04 10:08:13,204 [INFO] PluginManager:220 - loadIPPluginJar : add ltdc
2025-11-04 10:08:13,235 [INFO] IPUIPlugin:80 - create IPUIPlugin
2025-11-04 10:08:13,235 [INFO] PluginManager:220 - loadIPPluginJar : add mdma
2025-11-04 10:08:13,264 [INFO] IPUIPlugin:80 - create IPUIPlugin
2025-11-04 10:08:13,264 [INFO] PluginManager:220 - loadIPPluginJar : add nvic
2025-11-04 10:08:13,274 [INFO] IPUIPlugin:80 - create IPUIPlugin
2025-11-04 10:08:13,274 [INFO] PluginManager:220 - loadIPPluginJar : add opamp
2025-11-04 10:08:13,287 [INFO] IPUIPlugin:80 - create IPUIPlugin
2025-11-04 10:08:13,288 [INFO] PluginManager:220 - loadIPPluginJar : add openamp
2025-11-04 10:08:13,299 [INFO] IPUIPlugin:80 - create IPUIPlugin
2025-11-04 10:08:13,300 [INFO] PluginManager:220 - loadIPPluginJar : add pdm2pcm
2025-11-04 10:08:13,337 [INFO] IPUIPlugin:80 - create IPUIPlugin
2025-11-04 10:08:13,343 [INFO] PluginManager:220 - loadIPPluginJar : add plateformsettings
2025-11-04 10:08:13,351 [INFO] IPUIPlugin:80 - create IPUIPlugin
2025-11-04 10:08:13,351 [INFO] PluginManager:220 - loadIPPluginJar : add quadspi
2025-11-04 10:08:13,360 [INFO] IPUIPlugin:80 - create IPUIPlugin
2025-11-04 10:08:13,361 [INFO] PluginManager:220 - loadIPPluginJar : add radio
2025-11-04 10:08:13,466 [INFO] IPUIPlugin:80 - create IPUIPlugin
2025-11-04 10:08:13,466 [INFO] PluginManager:220 - loadIPPluginJar : add resmgrutility
2025-11-04 10:08:13,485 [INFO] IPUIPlugin:80 - create IPUIPlugin
2025-11-04 10:08:13,485 [INFO] PluginManager:220 - loadIPPluginJar : add sai
2025-11-04 10:08:13,496 [INFO] IPUIPlugin:80 - create IPUIPlugin
2025-11-04 10:08:13,496 [INFO] PluginManager:220 - loadIPPluginJar : add spi
2025-11-04 10:08:13,525 [INFO] IPUIPlugin:80 - create IPUIPlugin
2025-11-04 10:08:13,525 [INFO] PluginManager:220 - loadIPPluginJar : add stm32_wpan
2025-11-04 10:08:13,533 [INFO] IPUIPlugin:80 - create IPUIPlugin
2025-11-04 10:08:13,533 [INFO] PluginManager:220 - loadIPPluginJar : add tim
2025-11-04 10:08:13,550 [INFO] IPUIPlugin:80 - create IPUIPlugin
2025-11-04 10:08:13,551 [INFO] PluginManager:220 - loadIPPluginJar : add touchsensing
2025-11-04 10:08:13,561 [INFO] IPUIPlugin:80 - create IPUIPlugin
2025-11-04 10:08:13,561 [INFO] PluginManager:220 - loadIPPluginJar : add tracer_emb
2025-11-04 10:08:13,573 [INFO] IPUIPlugin:80 - create IPUIPlugin
2025-11-04 10:08:13,573 [INFO] PluginManager:220 - loadIPPluginJar : add ts
2025-11-04 10:08:13,582 [INFO] IPUIPlugin:80 - create IPUIPlugin
2025-11-04 10:08:13,582 [INFO] PluginManager:220 - loadIPPluginJar : add tsc
2025-11-04 10:08:13,592 [INFO] IPUIPlugin:80 - create IPUIPlugin
2025-11-04 10:08:13,592 [INFO] PluginManager:220 - loadIPPluginJar : add ucpd
2025-11-04 10:08:13,609 [INFO] IPUIPlugin:80 - create IPUIPlugin
2025-11-04 10:08:13,609 [INFO] PluginManager:220 - loadIPPluginJar : add usart
2025-11-04 10:08:13,626 [INFO] IPUIPlugin:80 - create IPUIPlugin
2025-11-04 10:08:13,626 [INFO] PluginManager:220 - loadIPPluginJar : add usbx
2025-11-04 10:08:13,958 [FATAL] Updater:351 - Updater called before beeing initialized
2025-11-04 10:08:14,076 [INFO] RulesReader:64 - Compatibility file has been processed (317 Rules)
2025-11-04 10:08:14,104 [INFO] RulesReader:64 - Compatibility file has been processed (317 Rules)
2025-11-04 10:08:14,121 [INFO] CADModel:165 - CPN selected for project level
2025-11-04 10:08:14,121 [INFO] CADModel:114 - Register for checkConnection events
2025-11-04 10:08:14,121 [FATAL] Updater:351 - Updater called before beeing initialized
2025-11-04 10:08:14,121 [ERROR] CADModel:125 - Updater not yet initialized, retry later 
2025-11-04 10:08:14,324 [INFO] ThirdPartyUpdaterWithRetryManager:70 - Updater plugin not ready yet. [2/15]
2025-11-04 10:08:14,504 [FATAL] Updater:351 - Updater called before beeing initialized
2025-11-04 10:08:14,508 [INFO] CADModel:165 - CPN selected for project level
2025-11-04 10:08:14,508 [INFO] CADModel:114 - Register for checkConnection events
2025-11-04 10:08:14,508 [FATAL] Updater:351 - Updater called before beeing initialized
2025-11-04 10:08:14,509 [ERROR] CADModel:125 - Updater not yet initialized, retry later 
2025-11-04 10:08:14,514 [FATAL] Updater:351 - Updater called before beeing initialized
2025-11-04 10:08:14,824 [FATAL] Updater:351 - Updater called before beeing initialized
2025-11-04 10:08:14,839 [INFO] DbMcusAds:53 - JSON generation date=Thu Oct 02 11:36:05 CEST 2025 (1759397765645)
2025-11-04 10:08:14,839 [FATAL] Updater:351 - Updater called before beeing initialized
2025-11-04 10:08:14,947 [WARN] DetailPanel:346 - Failed to get advertising image, set to default
2025-11-04 10:08:15,205 [FATAL] Updater:351 - Updater called before beeing initialized
2025-11-04 10:08:15,209 [FATAL] Updater:351 - Updater called before beeing initialized
2025-11-04 10:08:15,209 [FATAL] Updater:351 - Updater called before beeing initialized
2025-11-04 10:08:15,209 [WARN] DetailPanel:346 - Failed to get advertising image, set to default
2025-11-04 10:08:15,211 [FATAL] Updater:351 - Updater called before beeing initialized
2025-11-04 10:08:15,364 [ERROR] Updater:1198 - MainUpdater not yet initialized. External WinMGr cannot be set.
2025-11-04 10:08:15,369 [INFO] Updater:1134 - Updater Version found : 6.15.0
2025-11-04 10:08:15,399 [INFO] ApplicationProperties:184 - Using Application install path: F:\Knowledge_Update\STM32CubeIDE_1.19.0\STM32CubeIDE\plugins\com.st.stm32cube.common.mx_6.15.0.202507011659
2025-11-04 10:08:17,001 [ERROR] LogOutputStream:75 - [STDERR_REDIRECT] Nov 04, 2025 10:08:16 AM java.util.prefs.WindowsPreferences <init>
2025-11-04 10:08:17,007 [ERROR] LogOutputStream:75 - [STDERR_REDIRECT] WARNING: Could not open/create prefs root node Software\JavaSoft\Prefs at root 0xffffffff80000002. Windows RegCreateKeyEx(...) returned error code 5.
2025-11-04 10:08:17,008 [ERROR] LogOutputStream:75 - [STDERR_REDIRECT] 
2025-11-04 10:08:17,325 [FATAL] Updater:351 - Updater called before beeing initialized
2025-11-04 10:08:17,326 [ERROR] IntegrityCheckThread:130 - Cannot retrieve database content from updater: error 21
2025-11-04 10:08:17,326 [INFO] ThirdParty:978 - Integrity check success = false
2025-11-04 10:08:17,327 [INFO] IntegrityCheckThread:100 - exiting critical section [integrity check]
2025-11-04 10:08:17,327 [INFO] IntegrityCheckThread:103 - End integrity checks thread
2025-11-04 10:08:17,724 [INFO] MainUpdater:2872 - connection check result : 10
2025-11-04 10:08:17,724 [INFO] MainUpdater:3604 - Updater definition file requires update
2025-11-04 10:08:17,727 [INFO] MainUpdater:289 - Updater Check For Update Now.
2025-11-04 10:08:17,727 [INFO] MicroXplorer:498 - Change Database Version : DB.6.0.150
2025-11-04 10:08:17,746 [INFO] McuFinderGlobals:63 - Set McuFinder mode to 2 (CubeIDE integrated)
2025-11-04 10:08:17,746 [INFO] UserAuth:171 - activating auth plugin
2025-11-04 10:08:17,753 [INFO] UserAuth:487 - Internet connection configuration mode: 1
2025-11-04 10:08:17,800 [INFO] JxBrowserEngine:152 - Initiate JxBrowser Engine with user profile folder
2025-11-04 10:08:17,802 [INFO] ServerAccessManage:452 - Complete download http(s) 200
2025-11-04 10:08:17,804 [INFO] ServerAccessManage:509 - Download File updaters.zip
2025-11-04 10:08:18,147 [INFO] FileExtend:248 - Unzip File : updaters.zip
2025-11-04 10:08:18,148 [INFO] FileExtend:263 - Standard Zip Deflate
2025-11-04 10:08:21,143 [INFO] WebApp:169 - Instantiating new browser for Auth
2025-11-04 10:08:21,819 [INFO] ServerAccessManage:452 - Complete download http(s) 200
2025-11-04 10:08:21,820 [INFO] ServerAccessManage:509 - Download File PacksControlFlags.xml
2025-11-04 10:08:22,205 [INFO] ServerAccessManage:452 - Complete download http(s) 200
2025-11-04 10:08:22,205 [INFO] ServerAccessManage:509 - Download File cubemx.pidx
2025-11-04 10:08:24,749 [INFO] ServerAccessManage:452 - Complete download http(s) 200
2025-11-04 10:08:24,750 [INFO] ServerAccessManage:509 - Download File STMicroelectronics.X-CUBE-GNSS1.pdsc
2025-11-04 10:08:25,223 [INFO] WebApp:463 - Apply proxy settings
2025-11-04 10:08:25,225 [INFO] WebApp:548 - Chromium requires no authentication
2025-11-04 10:08:25,273 [INFO] WebApp:491 - Direct internet connection detected
2025-11-04 10:08:25,343 [INFO] WebApp:900 - Register for checkConnection events
2025-11-04 10:08:25,343 [INFO] WebApp:463 - Apply proxy settings
2025-11-04 10:08:25,343 [INFO] WebApp:548 - Chromium requires no authentication
2025-11-04 10:08:25,344 [INFO] WebApp:491 - Direct internet connection detected
2025-11-04 10:08:25,551 [INFO] WebApp:191 - Connection restablished
2025-11-04 10:08:26,158 [ERROR] ServerAccessManage:1212 - Problem, file not found on Server
2025-11-04 10:08:26,275 [INFO] WebApp:225 - Starting web application
2025-11-04 10:08:26,275 [INFO] WebApp:593 - Web application path used F:\Knowledge_Update\STM32CubeIDE_1.19.0\STM32CubeIDE\plugins\com.st.stm32cube.common.mx_6.15.0.202507011659\db\plugins\mcufinder\reactClient1\index.html
2025-11-04 10:08:26,307 [ERROR] ServerAccessManage:1212 - Problem, file not found on Server
2025-11-04 10:08:26,400 [ERROR] ServerAccessManage:1212 - Problem, file not found on Server
2025-11-04 10:08:26,508 [ERROR] ServerAccessManage:1212 - Problem, file not found on Server
2025-11-04 10:08:26,607 [ERROR] ServerAccessManage:1212 - Problem, file not found on Server
2025-11-04 10:08:26,694 [ERROR] ServerAccessManage:1212 - Problem, file not found on Server
2025-11-04 10:08:28,922 [WARN] PackLoader:240 - Cannot read IP mode file for STMicroelectronics.X-CUBE-GNSS1.7.1.0
2025-11-04 10:08:28,936 [INFO] PopulateThirdPartyThread:66 - Ending populate Thread
2025-11-04 10:08:28,938 [INFO] ThirdParty:1030 - CMSIS Pack Vendor :STMicroelectronics X-CUBE-GNSS1 7.1.0
2025-11-04 10:08:28,938 [INFO] LoadServerUpdatesThread:375 - End of LoadServerUpdate Thread
2025-11-04 10:08:29,168 [INFO] CheckServerUpdateThread:120 - End of CheckServer Thread
2025-11-04 10:20:50,496 [INFO] WebApp:194 - Connection lost
2025-11-04 10:20:50,704 [INFO] WebApp:191 - Connection restablished
2025-11-04 12:04:57,025 [INFO] WebApp:194 - Connection lost
2025-11-04 12:04:57,979 [INFO] WebApp:191 - Connection restablished
2025-11-04 12:04:58,146 [INFO] WebApp:194 - Connection lost
2025-11-04 12:04:59,185 [INFO] WebApp:191 - Connection restablished
2025-11-04 12:05:03,378 [INFO] WebApp:194 - Connection lost
2025-11-04 12:05:07,147 [INFO] WebApp:191 - Connection restablished
2025-11-04 12:05:11,879 [INFO] WebApp:194 - Connection lost
2025-11-04 12:05:12,992 [INFO] WebApp:191 - Connection restablished
2025-11-04 12:24:46,452 [INFO] WebApp:194 - Connection lost
2025-11-04 12:24:46,674 [INFO] WebApp:191 - Connection restablished
2025-11-04 12:28:31,900 [INFO] WebApp:194 - Connection lost
2025-11-04 12:28:32,099 [INFO] WebApp:191 - Connection restablished
2025-11-04 12:46:47,421 [INFO] WebApp:194 - Connection lost
2025-11-04 12:46:47,589 [INFO] WebApp:191 - Connection restablished
2025-11-04 12:47:20,435 [INFO] WebApp:194 - Connection lost
2025-11-04 12:47:20,612 [INFO] WebApp:191 - Connection restablished
2025-11-04 12:48:12,902 [INFO] WebApp:194 - Connection lost
2025-11-04 12:48:13,082 [INFO] WebApp:191 - Connection restablished
2025-11-04 12:52:38,462 [INFO] WebApp:194 - Connection lost
2025-11-04 12:52:38,643 [INFO] WebApp:191 - Connection restablished
2025-11-04 12:54:29,445 [INFO] WebApp:194 - Connection lost
2025-11-04 12:54:29,772 [INFO] WebApp:191 - Connection restablished
2025-11-04 12:57:33,918 [INFO] WebApp:194 - Connection lost
2025-11-04 12:57:34,147 [INFO] WebApp:191 - Connection restablished
2025-11-04 13:01:42,978 [INFO] WebApp:194 - Connection lost
2025-11-04 13:01:43,150 [INFO] WebApp:191 - Connection restablished
2025-11-04 13:10:03,418 [INFO] WebApp:194 - Connection lost
2025-11-04 13:10:06,957 [INFO] WebApp:191 - Connection restablished
2025-11-04 13:10:10,404 [INFO] WebApp:194 - Connection lost
2025-11-04 13:10:10,594 [INFO] WebApp:191 - Connection restablished
2025-11-04 13:12:39,883 [INFO] WebApp:194 - Connection lost
2025-11-04 13:12:40,196 [INFO] WebApp:191 - Connection restablished
2025-11-04 13:27:21,901 [INFO] WebApp:194 - Connection lost
2025-11-04 13:27:22,141 [INFO] WebApp:191 - Connection restablished
2025-11-04 13:32:42,445 [INFO] WebApp:194 - Connection lost
2025-11-04 13:32:42,760 [INFO] WebApp:191 - Connection restablished
2025-11-04 13:32:55,951 [INFO] WebApp:194 - Connection lost
2025-11-04 13:32:56,136 [INFO] WebApp:191 - Connection restablished
2025-11-04 13:45:54,934 [INFO] WebApp:194 - Connection lost
2025-11-04 13:45:55,135 [INFO] WebApp:191 - Connection restablished
